<?xml version="1.0" encoding="UTF-8"?>
<testsuite name="Carrito de compras" tests="1" skipped="0" failures="0" errors="0" timestamp="2024-08-06T14:47:38" hostname="TAY" time="46.819">
  <properties/>
  <testcase name="Carrito de compras" classname="Carrito de compras" time="46.819"/>
  <system-out><![CDATA[09:47:38.947 [Test worker] DEBUG io.cucumber.core.plugin.SerenityReporter -- Running feature from file:///C:/Automatizacion/Proyectos_backend/Devsu_test/DevsuFrontDemo/src/test/resources/features/ShoppingCart.feature
09:47:39.121 [Test worker] INFO  -- 
  _____   ___   ___   _____     ___   _____     _     ___   _____   ___   ___  
 |_   _| | __| / __| |_   _|   / __| |_   _|   /_\   | _ \ |_   _| | __| |   \ 
   | |   | _|  \__ \   | |     \__ \   | |    / _ \  |   /   | |   | _|  | |) |
   |_|   |___| |___/   |_|     |___/   |_|   /_/ \_\ |_|_\   |_|   |___| |___/ 

Carrito de compras(carrito-de-compras;carrito-de-compras)
--------------------------------------------------------------------------------
09:47:39.821 [Test worker] DEBUG net.thucydides.core.steps.StepInterceptor -- STARTING STEP: StepInterceptor.testContext - !#title
09:47:39.834 [Test worker] DEBUG net.thucydides.core.steps.StepInterceptor -- STARTING STEP: StepInterceptor.testContext - {0} opens the browser at #url
09:47:39.955 [Test worker] INFO net.serenitybdd.core.webdriver.driverproviders.ChromeDriverProvider -- Starting Chrome driver instance with capabilities:
09:47:39.958 [Test worker] INFO net.serenitybdd.core.webdriver.driverproviders.ChromeDriverProvider -- Capabilities {acceptInsecureCerts: true, browserName: chrome, goog:chromeOptions: {args: [test-type, ignore-certificate-errors, --start-maximized, incognito, disable-infobars, disable-gpu, disable-default-apps, disable-popup-blocking, disable-extensions-file-acc..., test-type, ignore-certificate-errors, --start-maximized, incognito, ignore-certificate-errors, disable-infobars, disable-gpu, disable-default-apps, disable-popup-blocking, disable-extensions-file-acc..., disable-infobars, remote-allow-origins=*], extensions: []}}
09:47:47.583 [Test worker] DEBUG net.serenitybdd.core.photography.Darkroom -- Opening darkroom
09:47:47.584 [Darkroom Processing Line] DEBUG net.serenitybdd.core.photography.DarkroomProcessingLine -- Darkroom processing line starting up
09:47:47.833 [Test worker] DEBUG net.serenitybdd.core.photography.Darkroom -- Send negative for processing for C:\Automatizacion\Proyectos_backend\Devsu_test\DevsuFrontDemo\target\site\serenity\4eb3e2c2571870a8e130a762df52ddb03e6215e9cbfdbf28a799fa93ccd04e71.png
09:47:47.838 [Test worker] DEBUG net.thucydides.core.steps.StepInterceptor -- STEP DONE: {0} opens the browser at #url
09:47:47.866 [Test worker] DEBUG net.thucydides.core.steps.StepInterceptor -- STEP DONE: !#title
09:47:48.027 [Test worker] DEBUG net.serenitybdd.core.photography.Darkroom -- Send negative for processing for C:\Automatizacion\Proyectos_backend\Devsu_test\DevsuFrontDemo\target\site\serenity\4eb3e2c2571870a8e130a762df52ddb03e6215e9cbfdbf28a799fa93ccd04e71.png
user standard_userpass secret_sauce
09:47:48.066 [Test worker] DEBUG net.thucydides.core.steps.StepInterceptor -- STARTING STEP: StepInterceptor.testContext - performAs
09:47:48.254 [Test worker] DEBUG net.serenitybdd.core.photography.Darkroom -- Send negative for processing for C:\Automatizacion\Proyectos_backend\Devsu_test\DevsuFrontDemo\target\site\serenity\4eb3e2c2571870a8e130a762df52ddb03e6215e9cbfdbf28a799fa93ccd04e71.png
09:47:48.256 [Test worker] DEBUG net.thucydides.core.steps.StepInterceptor -- STARTING STEP: StepInterceptor.testContext - {0} enters #theTextAsAString into #locatorNames
09:47:48.683 [Test worker] DEBUG net.serenitybdd.core.photography.Darkroom -- Send negative for processing for C:\Automatizacion\Proyectos_backend\Devsu_test\DevsuFrontDemo\target\site\serenity\bcd84b108c8dd3f3c3fac907d25fc80efd9b7047ec02e5f9359fcecad23b2276.png
09:47:48.683 [Test worker] DEBUG net.thucydides.core.steps.StepInterceptor -- STEP DONE: {0} enters #theTextAsAString into #locatorNames
09:47:48.700 [Test worker] DEBUG net.thucydides.core.steps.StepInterceptor -- STARTING STEP: StepInterceptor.testContext - {0} enters #theTextAsAString into #locatorNames
09:47:49.031 [Test worker] DEBUG net.serenitybdd.core.photography.Darkroom -- Send negative for processing for C:\Automatizacion\Proyectos_backend\Devsu_test\DevsuFrontDemo\target\site\serenity\06de8aaa89f94a635653481587ead01a4216c808774397a49521f4ff6c41b7cf.png
09:47:49.032 [Test worker] DEBUG net.thucydides.core.steps.StepInterceptor -- STEP DONE: {0} enters #theTextAsAString into #locatorNames
09:47:49.053 [Test worker] DEBUG net.thucydides.core.steps.StepInterceptor -- STARTING STEP: StepInterceptor.testContext - {0} clicks on #locators
09:47:49.577 [Test worker] DEBUG net.serenitybdd.core.photography.Darkroom -- Send negative for processing for C:\Automatizacion\Proyectos_backend\Devsu_test\DevsuFrontDemo\target\site\serenity\f5d4b2af84c122c5ea069a08c958c801e20f369afc4369600674375fab145088.png
09:47:49.577 [Test worker] DEBUG net.thucydides.core.steps.StepInterceptor -- STEP DONE: {0} clicks on #locators
09:47:49.594 [Test worker] DEBUG net.thucydides.core.steps.StepInterceptor -- STEP DONE: performAs
09:47:49.805 [Test worker] DEBUG net.serenitybdd.core.photography.Darkroom -- Send negative for processing for C:\Automatizacion\Proyectos_backend\Devsu_test\DevsuFrontDemo\target\site\serenity\f5d4b2af84c122c5ea069a08c958c801e20f369afc4369600674375fab145088.png
09:47:49.806 [Test worker] DEBUG net.thucydides.core.steps.StepInterceptor -- STARTING STEP: StepInterceptor.testContext - performAs
09:47:51.836 [Test worker] DEBUG net.serenitybdd.screenplay.targets.IFrameSwitcher -- default content already selected for Lista productos
lista 6
unique 2
2 Product ID Random 09:47:56.915 [Test worker] DEBUG net.serenitybdd.screenplay.targets.IFrameSwitcher -- default content already selected for Detalle producto
09:47:56.985 [Test worker] DEBUG net.serenitybdd.screenplay.targets.IFrameSwitcher -- default content already selected for Detalle producto
09:47:57.047 [Test worker] DEBUG net.serenitybdd.screenplay.targets.IFrameSwitcher -- default content already selected for Detalle producto
ID 2 Name 2: Sauce Labs Bike Light Desc: A red light isn't the desired state in testing but it sure helps when riding your bike at night. Water-resistant with 3 lighting modes, 1 AAA battery included.Detail: $9.99
09:47:57.351 [Test worker] DEBUG net.serenitybdd.core.photography.Darkroom -- Send negative for processing for C:\Automatizacion\Proyectos_backend\Devsu_test\DevsuFrontDemo\target\site\serenity\f5d4b2af84c122c5ea069a08c958c801e20f369afc4369600674375fab145088.png
09:47:57.352 [Test worker] DEBUG net.thucydides.core.steps.StepInterceptor -- STARTING STEP: StepInterceptor.testContext - {0} clicks on #target
09:47:57.361 [Test worker] DEBUG net.serenitybdd.screenplay.targets.IFrameSwitcher -- default content already selected for Boton aÃ±adir producto
09:47:57.705 [Test worker] DEBUG net.serenitybdd.core.photography.Darkroom -- Send negative for processing for C:\Automatizacion\Proyectos_backend\Devsu_test\DevsuFrontDemo\target\site\serenity\07e3d408d4ff351d2b4dd20f1e53ec22a164f937a2f75ff62834db4c7ecd8346.png
09:47:57.705 [Test worker] DEBUG net.thucydides.core.steps.StepInterceptor -- STEP DONE: {0} clicks on #target
3 Product ID Random 09:48:00.722 [Test worker] DEBUG net.serenitybdd.screenplay.targets.IFrameSwitcher -- default content already selected for Detalle producto
09:48:00.780 [Test worker] DEBUG net.serenitybdd.screenplay.targets.IFrameSwitcher -- default content already selected for Detalle producto
09:48:00.863 [Test worker] DEBUG net.serenitybdd.screenplay.targets.IFrameSwitcher -- default content already selected for Detalle producto
ID 3 Name 2: Sauce Labs Bolt T-Shirt Desc: Get your testing superhero on with the Sauce Labs bolt T-shirt. From American Apparel, 100% ringspun combed cotton, heather gray with red bolt.Detail: $15.99
09:48:01.093 [Test worker] DEBUG net.serenitybdd.core.photography.Darkroom -- Send negative for processing for C:\Automatizacion\Proyectos_backend\Devsu_test\DevsuFrontDemo\target\site\serenity\07e3d408d4ff351d2b4dd20f1e53ec22a164f937a2f75ff62834db4c7ecd8346.png
09:48:01.094 [Test worker] DEBUG net.thucydides.core.steps.StepInterceptor -- STARTING STEP: StepInterceptor.testContext - {0} clicks on #target
09:48:01.102 [Test worker] DEBUG net.serenitybdd.screenplay.targets.IFrameSwitcher -- default content already selected for Boton aÃ±adir producto
09:48:01.460 [Test worker] DEBUG net.serenitybdd.core.photography.Darkroom -- Send negative for processing for C:\Automatizacion\Proyectos_backend\Devsu_test\DevsuFrontDemo\target\site\serenity\bbd3ae6061da7ae00f2266ace92759822fbb75c87ddb36a260493cce1b9561a3.png
09:48:01.460 [Test worker] DEBUG net.thucydides.core.steps.StepInterceptor -- STEP DONE: {0} clicks on #target
Total products 2
Detalle productos [Sauce Labs Bike Light, A red light isn't the desired state in testing but it sure helps when riding your bike at night. Water-resistant with 3 lighting modes, 1 AAA battery included., $9.99, Sauce Labs Bolt T-Shirt, Get your testing superhero on with the Sauce Labs bolt T-shirt. From American Apparel, 100% ringspun combed cotton, heather gray with red bolt., $15.99]
Name productos [Sauce Labs Bike Light, Sauce Labs Bolt T-Shirt]
09:48:07.496 [Test worker] DEBUG net.serenitybdd.screenplay.targets.IFrameSwitcher -- default content already selected for Cantidad de items carrito de compras
09:48:08.622 [Test worker] DEBUG net.serenitybdd.screenplay.targets.IFrameSwitcher -- default content already selected for Cantidad de items carrito de compras
09:48:08.861 [Test worker] DEBUG net.serenitybdd.core.photography.Darkroom -- Send negative for processing for C:\Automatizacion\Proyectos_backend\Devsu_test\DevsuFrontDemo\target\site\serenity\bbd3ae6061da7ae00f2266ace92759822fbb75c87ddb36a260493cce1b9561a3.png
09:48:08.862 [Test worker] DEBUG net.thucydides.core.steps.StepInterceptor -- STARTING STEP: StepInterceptor.testContext - {0} clicks on #target
09:48:08.873 [Test worker] DEBUG net.serenitybdd.screenplay.targets.IFrameSwitcher -- default content already selected for Cantidad de items carrito de compras
09:48:09.184 [Test worker] DEBUG net.serenitybdd.core.photography.Darkroom -- Send negative for processing for C:\Automatizacion\Proyectos_backend\Devsu_test\DevsuFrontDemo\target\site\serenity\1015c91a2b180994981047fbc75ca73f09b7706b253e56cdf549f4215485c54c.png
09:48:09.185 [Test worker] DEBUG net.thucydides.core.steps.StepInterceptor -- STEP DONE: {0} clicks on #target
Name P Sauce Labs Bike Light
09:48:11.205 [Test worker] DEBUG net.serenitybdd.screenplay.targets.IFrameSwitcher -- default content already selected for Precio producto carrito de compra
label $9.99
09:48:11.264 [Test worker] DEBUG net.serenitybdd.screenplay.targets.IFrameSwitcher -- default content already selected for Nombre producto carrito de compra
09:48:11.319 [Test worker] DEBUG net.serenitybdd.screenplay.targets.IFrameSwitcher -- default content already selected for Detalle producto carrito de compra
09:48:11.376 [Test worker] DEBUG net.serenitybdd.screenplay.targets.IFrameSwitcher -- default content already selected for Precio producto carrito de compra
Name P Sauce Labs Bolt T-Shirt
09:48:13.443 [Test worker] DEBUG net.serenitybdd.screenplay.targets.IFrameSwitcher -- default content already selected for Precio producto carrito de compra
label $15.99
09:48:13.502 [Test worker] DEBUG net.serenitybdd.screenplay.targets.IFrameSwitcher -- default content already selected for Nombre producto carrito de compra
09:48:13.556 [Test worker] DEBUG net.serenitybdd.screenplay.targets.IFrameSwitcher -- default content already selected for Detalle producto carrito de compra
09:48:13.615 [Test worker] DEBUG net.serenitybdd.screenplay.targets.IFrameSwitcher -- default content already selected for Precio producto carrito de compra
List items cart: [Sauce Labs Bike Light, A red light isn't the desired state in testing but it sure helps when riding your bike at night. Water-resistant with 3 lighting modes, 1 AAA battery included., $9.99, Sauce Labs Bolt T-Shirt, Get your testing superhero on with the Sauce Labs bolt T-shirt. From American Apparel, 100% ringspun combed cotton, heather gray with red bolt., $15.99]
09:48:16.709 [Test worker] DEBUG net.serenitybdd.screenplay.targets.IFrameSwitcher -- default content already selected for Boton Checkout
09:48:16.917 [Test worker] DEBUG net.serenitybdd.core.photography.Darkroom -- Send negative for processing for C:\Automatizacion\Proyectos_backend\Devsu_test\DevsuFrontDemo\target\site\serenity\1015c91a2b180994981047fbc75ca73f09b7706b253e56cdf549f4215485c54c.png
09:48:16.917 [Test worker] DEBUG net.thucydides.core.steps.StepInterceptor -- STARTING STEP: StepInterceptor.testContext - {0} clicks on #target
09:48:16.924 [Test worker] DEBUG net.serenitybdd.screenplay.targets.IFrameSwitcher -- default content already selected for Boton Checkout
09:48:17.202 [Test worker] DEBUG net.serenitybdd.core.photography.Darkroom -- Send negative for processing for C:\Automatizacion\Proyectos_backend\Devsu_test\DevsuFrontDemo\target\site\serenity\e2c2401d0e14337405f6c07a8fd5f336d73d5c0293fca5a59e596a08d7fcb0dd.png
09:48:17.202 [Test worker] DEBUG net.thucydides.core.steps.StepInterceptor -- STEP DONE: {0} clicks on #target
Total price products 25.98
09:48:20.346 [Test worker] DEBUG net.serenitybdd.core.photography.Darkroom -- Send negative for processing for C:\Automatizacion\Proyectos_backend\Devsu_test\DevsuFrontDemo\target\site\serenity\e2c2401d0e14337405f6c07a8fd5f336d73d5c0293fca5a59e596a08d7fcb0dd.png
09:48:20.346 [Test worker] DEBUG net.thucydides.core.steps.StepInterceptor -- STEP DONE: performAs
09:48:20.388 [Test worker] DEBUG net.thucydides.core.steps.StepInterceptor -- STARTING STEP: StepInterceptor.testContext - performAs
09:48:20.419 [Test worker] DEBUG net.serenitybdd.screenplay.targets.IFrameSwitcher -- default content already selected for Nombre
09:48:20.612 [Test worker] DEBUG net.serenitybdd.core.photography.Darkroom -- Send negative for processing for C:\Automatizacion\Proyectos_backend\Devsu_test\DevsuFrontDemo\target\site\serenity\e2c2401d0e14337405f6c07a8fd5f336d73d5c0293fca5a59e596a08d7fcb0dd.png
09:48:20.613 [Test worker] DEBUG net.thucydides.core.steps.StepInterceptor -- STARTING STEP: StepInterceptor.testContext - {0} enters #theTextAsAString into #target
09:48:20.625 [Test worker] DEBUG net.serenitybdd.screenplay.targets.IFrameSwitcher -- default content already selected for Nombre
09:48:20.913 [Test worker] DEBUG net.serenitybdd.core.photography.Darkroom -- Send negative for processing for C:\Automatizacion\Proyectos_backend\Devsu_test\DevsuFrontDemo\target\site\serenity\93105c0a6cd6e2f43d439e9f90afbd60bdd7a2a56bddece644d3abc95c5a9c3e.png
09:48:20.913 [Test worker] DEBUG net.thucydides.core.steps.StepInterceptor -- STEP DONE: {0} enters #theTextAsAString into #target
09:48:20.925 [Test worker] DEBUG net.thucydides.core.steps.StepInterceptor -- STARTING STEP: StepInterceptor.testContext - {0} enters #theTextAsAString into #target
09:48:20.937 [Test worker] DEBUG net.serenitybdd.screenplay.targets.IFrameSwitcher -- default content already selected for Apellido
09:48:21.217 [Test worker] DEBUG net.serenitybdd.core.photography.Darkroom -- Send negative for processing for C:\Automatizacion\Proyectos_backend\Devsu_test\DevsuFrontDemo\target\site\serenity\271e0837b8c62709ee06b1e945455f4474325c78c43df0edcffa9badf249edd7.png
09:48:21.217 [Test worker] DEBUG net.thucydides.core.steps.StepInterceptor -- STEP DONE: {0} enters #theTextAsAString into #target
09:48:21.228 [Test worker] DEBUG net.thucydides.core.steps.StepInterceptor -- STARTING STEP: StepInterceptor.testContext - {0} enters #theTextAsAString into #target
09:48:21.240 [Test worker] DEBUG net.serenitybdd.screenplay.targets.IFrameSwitcher -- default content already selected for Codigo postal
09:48:21.517 [Test worker] DEBUG net.serenitybdd.core.photography.Darkroom -- Send negative for processing for C:\Automatizacion\Proyectos_backend\Devsu_test\DevsuFrontDemo\target\site\serenity\efd162b1b548bf04862b03f48b934fabeb1b7973cb984956e78efbf801af7144.png
09:48:21.518 [Test worker] DEBUG net.thucydides.core.steps.StepInterceptor -- STEP DONE: {0} enters #theTextAsAString into #target
09:48:21.536 [Test worker] DEBUG net.thucydides.core.steps.StepInterceptor -- STARTING STEP: StepInterceptor.testContext - {0} clicks on #target
09:48:21.544 [Test worker] DEBUG net.serenitybdd.screenplay.targets.IFrameSwitcher -- default content already selected for Boton continuar
09:48:21.870 [Test worker] DEBUG net.serenitybdd.core.photography.Darkroom -- Send negative for processing for C:\Automatizacion\Proyectos_backend\Devsu_test\DevsuFrontDemo\target\site\serenity\a3a3a73e53cf606e31cffc43d0d5e5d304c4971d47548c942b1e8bbe549550d1.png
09:48:21.871 [Test worker] DEBUG net.thucydides.core.steps.StepInterceptor -- STEP DONE: {0} clicks on #target
09:48:21.888 [Test worker] DEBUG net.thucydides.core.steps.StepInterceptor -- STEP DONE: performAs
09:48:22.050 [Test worker] DEBUG net.serenitybdd.core.photography.Darkroom -- Send negative for processing for C:\Automatizacion\Proyectos_backend\Devsu_test\DevsuFrontDemo\target\site\serenity\a3a3a73e53cf606e31cffc43d0d5e5d304c4971d47548c942b1e8bbe549550d1.png
09:48:22.050 [Test worker] DEBUG net.thucydides.core.steps.StepInterceptor -- STARTING STEP: StepInterceptor.testContext - performAs
Total price products serenity 25.98
09:48:22.223 [Test worker] DEBUG net.serenitybdd.screenplay.targets.IFrameSwitcher -- default content already selected for Total de los productos
09:48:22.284 [Test worker] DEBUG net.serenitybdd.screenplay.targets.IFrameSwitcher -- default content already selected for Boton de finalizar
09:48:22.484 [Test worker] DEBUG net.serenitybdd.core.photography.Darkroom -- Send negative for processing for C:\Automatizacion\Proyectos_backend\Devsu_test\DevsuFrontDemo\target\site\serenity\6afdcc8f7a8fc4c7b317c54c7b576276977e478e8f62cec2bb1d84cd4a500e92.png
09:48:22.485 [Test worker] DEBUG net.thucydides.core.steps.StepInterceptor -- STARTING STEP: StepInterceptor.testContext - {0} clicks on #target
09:48:22.491 [Test worker] DEBUG net.serenitybdd.screenplay.targets.IFrameSwitcher -- default content already selected for Boton de finalizar
09:48:22.786 [Test worker] DEBUG net.serenitybdd.core.photography.Darkroom -- Send negative for processing for C:\Automatizacion\Proyectos_backend\Devsu_test\DevsuFrontDemo\target\site\serenity\a6650d9cf60fe32075047506a7b655f4954076bce7f89c5a648400f0d0539ef7.png
09:48:22.787 [Test worker] DEBUG net.thucydides.core.steps.StepInterceptor -- STEP DONE: {0} clicks on #target
09:48:24.933 [Test worker] DEBUG net.serenitybdd.core.photography.Darkroom -- Send negative for processing for C:\Automatizacion\Proyectos_backend\Devsu_test\DevsuFrontDemo\target\site\serenity\a6650d9cf60fe32075047506a7b655f4954076bce7f89c5a648400f0d0539ef7.png
09:48:24.933 [Test worker] DEBUG net.thucydides.core.steps.StepInterceptor -- STEP DONE: performAs
09:48:25.224 [Test worker] DEBUG net.serenitybdd.core.photography.Darkroom -- Send negative for processing for C:\Automatizacion\Proyectos_backend\Devsu_test\DevsuFrontDemo\target\site\serenity\a6650d9cf60fe32075047506a7b655f4954076bce7f89c5a648400f0d0539ef7.png
09:48:25.244 [Test worker] DEBUG net.serenitybdd.screenplay.targets.IFrameSwitcher -- default content already selected for Mensaje de compra exitosa
09:48:25.416 [Test worker] DEBUG net.serenitybdd.core.photography.Darkroom -- Send negative for processing for C:\Automatizacion\Proyectos_backend\Devsu_test\DevsuFrontDemo\target\site\serenity\a6650d9cf60fe32075047506a7b655f4954076bce7f89c5a648400f0d0539ef7.png
09:48:25.435 [Test worker] INFO  -- 
  _____   ___   ___   _____     ___     _     ___   ___   ___   ___  
 |_   _| | __| / __| |_   _|   | _ \   /_\   / __| / __| | __| |   \ 
   | |   | _|  \__ \   | |     |  _/  / _ \  \__ \ \__ \ | _|  | |) |
   |_|   |___| |___/   |_|     |_|   /_/ \_\ |___/ |___/ |___| |___/ 

Carrito de compras
----------------------------------------------------------------------
]]></system-out>
  <system-err><![CDATA[ago. 06, 2024 9:47:44 A. M. org.openqa.selenium.devtools.CdpVersionFinder findNearestMatch
ADVERTENCIA: Unable to find CDP implementation matching 127
ago. 06, 2024 9:47:44 A. M. org.openqa.selenium.chromium.ChromiumDriver lambda$new$5
ADVERTENCIA: Unable to find version of CDP to use for 127.0.6533.89. You may need to include a dependency on a specific version of the CDP using something similar to `org.seleniumhq.selenium:selenium-devtools-v86:4.15.0` where the version ("v86") matches the version of the chromium-based browser you're using and the version number of the artifact is the same as Selenium's.
]]></system-err>
</testsuite>
